# JRE version: OpenJDK Runtime Environment (10.0.1+10) (build 10.0.1+10-Ubuntu-3ubuntu1)
# Java VM: OpenJDK 64-Bit Server VM (10.0.1+10-Ubuntu-3ubuntu1, mixed mode, tiered, compressed oops, g1 gc, linux-amd64)
Heap:
 garbage-first heap   total 49152K, used 10846K [0x00000000d0c00000, 0x0000000100000000)
  region size 1024K, 3 young (3072K), 2 survivors (2048K)
 Metaspace       used 32964K, capacity 33538K, committed 33920K, reserved 1079296K
  class space    used 3392K, capacity 3694K, committed 3712K, reserved 1048576K
GC Heap History (10 events):
Event: 2,419 GC heap before
{Heap before GC invocations=1 (full 0):
 garbage-first heap   total 49152K, used 5515K [0x00000000d0c00000, 0x0000000100000000)
  region size 1024K, 4 young (4096K), 1 survivors (1024K)
 Metaspace       used 12027K, capacity 12290K, committed 12544K, reserved 1060864K
  class space    used 1143K, capacity 1269K, committed 1280K, reserved 1048576K
}
Event: 2,425 GC heap after
{Heap after GC invocations=2 (full 0):
 garbage-first heap   total 49152K, used 3256K [0x00000000d0c00000, 0x0000000100000000)
  region size 1024K, 1 young (1024K), 1 survivors (1024K)
 Metaspace       used 12027K, capacity 12290K, committed 12544K, reserved 1060864K
  class space    used 1143K, capacity 1269K, committed 1280K, reserved 1048576K
}
Event: 3,681 GC heap before
{Heap before GC invocations=2 (full 0):
 garbage-first heap   total 49152K, used 14520K [0x00000000d0c00000, 0x0000000100000000)
  region size 1024K, 11 young (11264K), 1 survivors (1024K)
 Metaspace       used 20586K, capacity 21068K, committed 21296K, reserved 1069056K
  class space    used 2197K, capacity 2467K, committed 2560K, reserved 1048576K
}
Event: 3,723 GC heap after
{Heap after GC invocations=3 (full 0):
 garbage-first heap   total 49152K, used 6764K [0x00000000d0c00000, 0x0000000100000000)
  region size 1024K, 2 young (2048K), 2 survivors (2048K)
 Metaspace       used 20586K, capacity 21068K, committed 21296K, reserved 1069056K
  class space    used 2197K, capacity 2467K, committed 2560K, reserved 1048576K
}
Event: 6,280 GC heap before
{Heap before GC invocations=4 (full 0):
 garbage-first heap   total 49152K, used 19052K [0x00000000d0c00000, 0x0000000100000000)
  region size 1024K, 14 young (14336K), 2 survivors (2048K)
 Metaspace       used 26895K, capacity 27492K, committed 27776K, reserved 1073152K
  class space    used 2810K, capacity 3136K, committed 3200K, reserved 1048576K
}
Event: 6,332 GC heap after
{Heap after GC invocations=5 (full 0):
 garbage-first heap   total 49152K, used 8997K [0x00000000d0c00000, 0x0000000100000000)
  region size 1024K, 2 young (2048K), 2 survivors (2048K)
 Metaspace       used 26895K, capacity 27492K, committed 27776K, reserved 1073152K
  class space    used 2810K, capacity 3136K, committed 3200K, reserved 1048576K
}
Event: 7,816 GC heap before
{Heap before GC invocations=5 (full 0):
 garbage-first heap   total 49152K, used 23333K [0x00000000d0c00000, 0x0000000100000000)
  region size 1024K, 16 young (16384K), 2 survivors (2048K)
 Metaspace       used 31485K, capacity 32122K, committed 32512K, reserved 1079296K
  class space    used 3243K, capacity 3565K, committed 3584K, reserved 1048576K
}
Event: 7,829 GC heap after
{Heap after GC invocations=6 (full 0):
 garbage-first heap   total 49152K, used 10327K [0x00000000d0c00000, 0x0000000100000000)
  region size 1024K, 2 young (2048K), 2 survivors (2048K)
 Metaspace       used 31485K, capacity 32122K, committed 32512K, reserved 1079296K
  class space    used 3243K, capacity 3565K, committed 3584K, reserved 1048576K
}
Event: 8,639 GC heap before
{Heap before GC invocations=6 (full 0):
 garbage-first heap   total 49152K, used 34903K [0x00000000d0c00000, 0x0000000100000000)
  region size 1024K, 17 young (17408K), 2 survivors (2048K)
 Metaspace       used 32788K, capacity 33410K, committed 33664K, reserved 1079296K
  class space    used 3377K, capacity 3694K, committed 3712K, reserved 1048576K
}
Event: 8,645 GC heap after
{Heap after GC invocations=7 (full 0):
 garbage-first heap   total 49152K, used 10846K [0x00000000d0c00000, 0x0000000100000000)
  region size 1024K, 2 young (2048K), 2 survivors (2048K)
 Metaspace       used 32788K, capacity 33410K, committed 33664K, reserved 1079296K
  class space    used 3377K, capacity 3694K, committed 3712K, reserved 1048576K
}

