# JRE version: OpenJDK Runtime Environment (10.0.1+10) (build 10.0.1+10-Ubuntu-3ubuntu1)
# Java VM: OpenJDK 64-Bit Server VM (10.0.1+10-Ubuntu-3ubuntu1, mixed mode, tiered, compressed oops, g1 gc, linux-amd64)
Heap:
 garbage-first heap   total 49152K, used 33573K [0x00000000d0c00000, 0x0000000100000000)
  region size 1024K, 16 young (16384K), 1 survivors (1024K)
 Metaspace       used 32922K, capacity 33532K, committed 33920K, reserved 1079296K
  class space    used 3391K, capacity 3693K, committed 3712K, reserved 1048576K
GC Heap History (10 events):
Event: 0,867 GC heap before
{Heap before GC invocations=0 (full 0):
 garbage-first heap   total 49152K, used 7168K [0x00000000d0c00000, 0x0000000100000000)
  region size 1024K, 7 young (7168K), 0 survivors (0K)
 Metaspace       used 8407K, capacity 8544K, committed 8832K, reserved 1056768K
  class space    used 735K, capacity 812K, committed 896K, reserved 1048576K
}
Event: 0,871 GC heap after
{Heap after GC invocations=1 (full 0):
 garbage-first heap   total 49152K, used 2620K [0x00000000d0c00000, 0x0000000100000000)
  region size 1024K, 1 young (1024K), 1 survivors (1024K)
 Metaspace       used 8407K, capacity 8544K, committed 8832K, reserved 1056768K
  class space    used 735K, capacity 812K, committed 896K, reserved 1048576K
}
Event: 1,366 GC heap before
{Heap before GC invocations=1 (full 0):
 garbage-first heap   total 49152K, used 6716K [0x00000000d0c00000, 0x0000000100000000)
  region size 1024K, 5 young (5120K), 1 survivors (1024K)
 Metaspace       used 12252K, capacity 12554K, committed 12672K, reserved 1060864K
  class space    used 1197K, capacity 1352K, committed 1408K, reserved 1048576K
}
Event: 1,383 GC heap after
{Heap after GC invocations=2 (full 0):
 garbage-first heap   total 49152K, used 3246K [0x00000000d0c00000, 0x0000000100000000)
  region size 1024K, 1 young (1024K), 1 survivors (1024K)
 Metaspace       used 12252K, capacity 12554K, committed 12672K, reserved 1060864K
  class space    used 1197K, capacity 1352K, committed 1408K, reserved 1048576K
}
Event: 2,554 GC heap before
{Heap before GC invocations=2 (full 0):
 garbage-first heap   total 49152K, used 13486K [0x00000000d0c00000, 0x0000000100000000)
  region size 1024K, 10 young (10240K), 1 survivors (1024K)
 Metaspace       used 20589K, capacity 21067K, committed 21248K, reserved 1069056K
  class space    used 2200K, capacity 2467K, committed 2560K, reserved 1048576K
}
Event: 2,566 GC heap after
{Heap after GC invocations=3 (full 0):
 garbage-first heap   total 49152K, used 6625K [0x00000000d0c00000, 0x0000000100000000)
  region size 1024K, 2 young (2048K), 2 survivors (2048K)
 Metaspace       used 20589K, capacity 21067K, committed 21248K, reserved 1069056K
  class space    used 2200K, capacity 2467K, committed 2560K, reserved 1048576K
}
Event: 4,673 GC heap before
{Heap before GC invocations=4 (full 0):
 garbage-first heap   total 49152K, used 19937K [0x00000000d0c00000, 0x0000000100000000)
  region size 1024K, 15 young (15360K), 2 survivors (2048K)
 Metaspace       used 27342K, capacity 27940K, committed 28288K, reserved 1075200K
  class space    used 2833K, capacity 3136K, committed 3200K, reserved 1048576K
}
Event: 4,694 GC heap after
{Heap after GC invocations=5 (full 0):
 garbage-first heap   total 49152K, used 8998K [0x00000000d0c00000, 0x0000000100000000)
  region size 1024K, 2 young (2048K), 2 survivors (2048K)
 Metaspace       used 27342K, capacity 27940K, committed 28288K, reserved 1075200K
  class space    used 2833K, capacity 3136K, committed 3200K, reserved 1048576K
}
Event: 5,989 GC heap before
{Heap before GC invocations=5 (full 0):
 garbage-first heap   total 49152K, used 24358K [0x00000000d0c00000, 0x0000000100000000)
  region size 1024K, 17 young (17408K), 2 survivors (2048K)
 Metaspace       used 31972K, capacity 32636K, committed 33152K, reserved 1079296K
  class space    used 3300K, capacity 3629K, committed 3712K, reserved 1048576K
}
Event: 6,015 GC heap after
{Heap after GC invocations=6 (full 0):
 garbage-first heap   total 49152K, used 10021K [0x00000000d0c00000, 0x0000000100000000)
  region size 1024K, 1 young (1024K), 1 survivors (1024K)
 Metaspace       used 31972K, capacity 32636K, committed 33152K, reserved 1079296K
  class space    used 3300K, capacity 3629K, committed 3712K, reserved 1048576K
}

